<?xml version="1.0" encoding="UTF-8"?>
<testng-results skipped="0" failed="0" ignored="0" total="1" passed="1">
  <reporter-output>
  </reporter-output>
  <suite name="Suite" duration-ms="25582" started-at="2020-04-05T23:40:23 AEST" finished-at="2020-04-05T23:40:49 AEST">
    <groups>
    </groups>
    <test name="Test" duration-ms="25582" started-at="2020-04-05T23:40:23 AEST" finished-at="2020-04-05T23:40:49 AEST">
      <class name="newtestngpackage.NewTestNGFile">
        <test-method status="PASS" signature="launchbrowser(java.lang.String)[pri:0, instance:newtestngpackage.NewTestNGFile@4df50bcc]" name="launchbrowser" is-config="true" duration-ms="15027" started-at="2020-04-05T23:40:23 AEST" finished-at="2020-04-05T23:40:38 AEST">
          <params>
            <param index="0">
              <value>
                <![CDATA[chrome]]>
              </value>
            </param>
          </params>
          <reporter-output>
          </reporter-output>
        </test-method> <!-- launchbrowser -->
        <test-method status="PASS" signature="verifyLandingPageTitle()[pri:0, instance:newtestngpackage.NewTestNGFile@4df50bcc]" name="verifyLandingPageTitle" duration-ms="10249" started-at="2020-04-05T23:40:38 AEST" finished-at="2020-04-05T23:40:49 AEST">
          <reporter-output>
          </reporter-output>
        </test-method> <!-- verifyLandingPageTitle -->
        <test-method status="PASS" signature="terminateBrowser()[pri:0, instance:newtestngpackage.NewTestNGFile@4df50bcc]" name="terminateBrowser" is-config="true" duration-ms="160" started-at="2020-04-05T23:40:49 AEST" finished-at="2020-04-05T23:40:49 AEST">
          <reporter-output>
          </reporter-output>
        </test-method> <!-- terminateBrowser -->
      </class> <!-- newtestngpackage.NewTestNGFile -->
    </test> <!-- Test -->
  </suite> <!-- Suite -->
</testng-results>
